*vertices 78
0 Ariana 0.0 0.0 ellipse
1 Chen 0.0 0.0 ellipse
2 Clinton 0.0 0.0 ellipse
3 Elvin 0.0 0.0 ellipse
4 "Jian An" 0.0 0.0 ellipse fos 10
5 "Kean Wee" 0.0 0.0 ellipse fos 10
6 Ram 0.0 0.0 ellipse
7 Shaun 0.0 0.0 ellipse
8 "Wen Hao" 0.0 0.0 ellipse fos 10
9 Vinura 0.0 0.0 ellipse
10 "Wee Lis" 0.0 0.0 ellipse fos 10
11 Weldon 0.0 0.0 ellipse
12 "Yu Son" 0.0 0.0 ellipse fos 10
13 Gaven 0.0 0.0 ellipse
14 Adha 0.0 0.0 ellipse
15 Annecia 0.0 0.0 ellipse
16 Faris 0.0 0.0 ellipse
17 "Hui Hong" 0.0 0.0 ellipse fos 10
18 Jaden 0.0 0.0 ellipse
19 "Jun Kang" 0.0 0.0 ellipse fos 10
20 Kapil 0.0 0.0 ellipse
21 "Keat Jin" 0.0 0.0 ellipse fos 10
22 "Zheng Yang" 0.0 0.0 ellipse fos 10
23 "Sean Morais" 0.0 0.0 ellipse fos 10
24 Shermit 0.0 0.0 ellipse
25 "Si Zhe" 0.0 0.0 ellipse fos 10
26 "Teng Kang" 0.0 0.0 ellipse fos 10
27 "Tyen Likh" 0.0 0.0 ellipse fos 10
28 Vela 0.0 0.0 ellipse
29 Krystal 0.0 0.0 ellipse
30 "Ji Feng" 0.0 0.0 ellipse fos 10
31 "De Liang" 0.0 0.0 ellipse fos 10
32 Lennie 0.0 0.0 ellipse
33 Adib 0.0 0.0 ellipse
34 Ameen 0.0 0.0 ellipse
35 Octson 0.0 0.0 ellipse
36 Mubarak 0.0 0.0 ellipse
37 Daraab 0.0 0.0 ellipse
38 "Jeong Han" 0.0 0.0 ellipse fos 10
39 "Jin Yi" 0.0 0.0 ellipse fos 10
40 "Jin Hong" 0.0 0.0 ellipse fos 10
41 Ravi 0.0 0.0 ellipse
42 "Kim Meng" 0.0 0.0 ellipse fos 10
43 Jerene 0.0 0.0 ellipse
44 "You Wei" 0.0 0.0 ellipse fos 10
45 Zac 0.0 0.0 ellipse
46 Mahmoud 0.0 0.0 ellipse
47 "Yap Ying" 0.0 0.0 ellipse fos 10
48 Samuel 0.0 0.0 ellipse
49 Denise 0.0 0.0 ellipse
50 Nabilah 0.0 0.0 ellipse
51 "Ming Hui" 0.0 0.0 ellipse fos 10
52 Tiffany 0.0 0.0 ellipse
53 "Ji Hin" 0.0 0.0 ellipse fos 10
54 "Uncle Heng" 0.0 0.0 ellipse fos 10
55 "Jing Poh" 0.0 0.0 ellipse fos 10
56 Saran 0.0 0.0 ellipse
57 Vanessa 0.0 0.0 ellipse
58 "Jia Khai" 0.0 0.0 ellipse fos 10
59 "Kai Sheng" 0.0 0.0 ellipse fos 10
60 Alvina 0.0 0.0 ellipse
61 "Jia Wen" 0.0 0.0 ellipse fos 10
62 Esther 0.0 0.0 ellipse
63 anon1 0.0 0.0 ellipse
64 anon2 0.0 0.0 ellipse
65 anon3 0.0 0.0 ellipse
66 anon4 0.0 0.0 ellipse
67 Mum 0.0 0.0 ellipse
68 Alison 0.0 0.0 ellipse
69 Yvonne 0.0 0.0 ellipse
70 PL 0.0 0.0 ellipse
71 Etsumi 0.0 0.0 ellipse
72 Jeremy 0.0 0.0 ellipse
73 Ody 0.0 0.0 ellipse
74 Sue 0.0 0.0 ellipse
75 Emilie 0.0 0.0 ellipse
76 WRB 0.0 0.0 ellipse
77 138 0.0 0.0 ellipse
*edges
0 1 1.0 c Black
0 2 1.0 c Black
0 3 1.0 c Black
0 4 1.0 c Black
0 5 1.0 c Black
0 6 1.0 c Black
0 7 1.0 c Black
0 8 1.0 c Black
0 9 1.0 c Black
0 10 1.0 c Black
0 11 1.0 c Black
0 12 1.0 c Black
0 13 1.0 c Black
0 14 1.0 c Black
0 15 1.0 c Black
0 16 1.0 c Black
0 17 1.0 c Black
0 18 1.0 c Black
0 19 1.0 c Black
0 20 1.0 c Black
0 21 1.0 c Black
0 22 1.0 c Black
0 23 1.0 c Black
0 24 1.0 c Black
0 25 1.0 c Black
0 26 1.0 c Black
0 27 1.0 c Black
0 28 1.0 c Black
0 29 1.0 c Black
0 30 1.0 c Black
0 31 1.0 c Black
0 32 1.0 c Black
0 33 1.0 c Black
0 34 1.0 c Black
0 35 1.0 c Black
0 36 1.0 c Black
0 37 1.0 c Black
0 38 1.0 c Black
0 39 1.0 c Black
0 40 1.0 c Black
0 41 1.0 c Black
0 42 1.0 c Black
0 43 1.0 c Black
0 44 1.0 c Black
0 53 1.0 c Black
0 54 1.0 c Black
0 55 1.0 c Black
0 56 1.0 c Black
0 57 1.0 c Black
0 58 1.0 c Black
0 59 1.0 c Black
0 60 1.0 c Black
0 67 1.0 c Black
0 72 1.0 c Black
0 73 1.0 c Black
0 74 1.0 c Black
0 75 1.0 c Black
0 76 1.0 c Black
0 77 1.0 c Black
1 2 1.0 c Black
1 3 1.0 c Black
1 4 1.0 c Black
1 5 1.0 c Black
1 6 1.0 c Black
1 7 1.0 c Black
1 8 1.0 c Black
1 9 1.0 c Black
1 10 1.0 c Black
1 11 1.0 c Black
1 12 1.0 c Black
1 13 1.0 c Black
1 14 1.0 c Black
1 15 1.0 c Black
1 16 1.0 c Black
1 17 1.0 c Black
1 18 1.0 c Black
1 19 1.0 c Black
1 20 1.0 c Black
1 21 1.0 c Black
1 22 1.0 c Black
1 23 1.0 c Black
1 24 1.0 c Black
1 25 1.0 c Black
1 26 1.0 c Black
1 27 1.0 c Black
1 28 1.0 c Black
1 29 1.0 c Black
1 30 1.0 c Black
1 31 1.0 c Black
1 32 1.0 c Black
1 33 1.0 c Black
1 34 1.0 c Black
1 35 1.0 c Black
1 36 1.0 c Black
1 37 1.0 c Black
1 38 1.0 c Black
1 39 1.0 c Black
1 40 1.0 c Black
1 41 1.0 c Black
2 3 1.0 c Black
2 4 1.0 c Black
2 5 1.0 c Black
2 6 1.0 c Black
2 7 1.0 c Black
2 8 1.0 c Black
2 9 1.0 c Black
2 10 1.0 c Black
2 11 1.0 c Black
2 12 1.0 c Black
2 13 1.0 c Black
2 14 1.0 c Black
2 15 1.0 c Black
2 16 1.0 c Black
2 17 1.0 c Black
2 18 1.0 c Black
2 19 1.0 c Black
2 20 1.0 c Black
2 21 1.0 c Black
2 22 1.0 c Black
2 23 1.0 c Black
2 24 1.0 c Black
2 25 1.0 c Black
2 26 1.0 c Black
2 27 1.0 c Black
2 28 1.0 c Black
2 29 1.0 c Black
2 30 1.0 c Black
2 31 1.0 c Black
2 32 1.0 c Black
2 33 1.0 c Black
2 34 1.0 c Black
2 35 1.0 c Black
2 36 1.0 c Black
2 37 1.0 c Black
2 38 1.0 c Black
2 39 1.0 c Black
2 40 1.0 c Black
2 41 1.0 c Black
3 4 1.0 c Black
3 5 1.0 c Black
3 6 1.0 c Black
3 7 1.0 c Black
3 8 1.0 c Black
3 9 1.0 c Black
3 10 1.0 c Black
3 11 1.0 c Black
3 12 1.0 c Black
3 13 1.0 c Black
3 14 1.0 c Black
3 15 1.0 c Black
3 16 1.0 c Black
3 17 1.0 c Black
3 18 1.0 c Black
3 19 1.0 c Black
3 20 1.0 c Black
3 21 1.0 c Black
3 22 1.0 c Black
3 23 1.0 c Black
3 24 1.0 c Black
3 25 1.0 c Black
3 26 1.0 c Black
3 27 1.0 c Black
3 28 1.0 c Black
3 29 1.0 c Black
3 30 1.0 c Black
3 31 1.0 c Black
3 32 1.0 c Black
3 33 1.0 c Black
3 34 1.0 c Black
3 35 1.0 c Black
3 36 1.0 c Black
3 37 1.0 c Black
3 38 1.0 c Black
3 39 1.0 c Black
3 40 1.0 c Black
3 41 1.0 c Black
4 5 1.0 c Black
4 6 1.0 c Black
4 7 1.0 c Black
4 8 1.0 c Black
4 9 1.0 c Black
4 10 1.0 c Black
4 11 1.0 c Black
4 12 1.0 c Black
4 13 1.0 c Black
4 14 1.0 c Black
4 15 1.0 c Black
4 16 1.0 c Black
4 17 1.0 c Black
4 18 1.0 c Black
4 19 1.0 c Black
4 20 1.0 c Black
4 21 1.0 c Black
4 22 1.0 c Black
4 23 1.0 c Black
4 24 1.0 c Black
4 25 1.0 c Black
4 26 1.0 c Black
4 27 1.0 c Black
4 28 1.0 c Black
4 29 1.0 c Black
4 30 1.0 c Black
4 31 1.0 c Black
4 32 1.0 c Black
4 33 1.0 c Black
4 34 1.0 c Black
4 35 1.0 c Black
4 36 1.0 c Black
4 37 1.0 c Black
4 38 1.0 c Black
4 39 1.0 c Black
4 40 1.0 c Black
4 41 1.0 c Black
5 6 1.0 c Black
5 7 1.0 c Black
5 8 1.0 c Black
5 9 1.0 c Black
5 10 1.0 c Black
5 11 1.0 c Black
5 12 1.0 c Black
5 13 1.0 c Black
5 14 1.0 c Black
5 15 1.0 c Black
5 16 1.0 c Black
5 17 1.0 c Black
5 18 1.0 c Black
5 19 1.0 c Black
5 20 1.0 c Black
5 21 1.0 c Black
5 22 1.0 c Black
5 23 1.0 c Black
5 24 1.0 c Black
5 25 1.0 c Black
5 26 1.0 c Black
5 27 1.0 c Black
5 28 1.0 c Black
5 29 1.0 c Black
5 30 1.0 c Black
5 31 1.0 c Black
5 32 1.0 c Black
5 33 1.0 c Black
5 34 1.0 c Black
5 35 1.0 c Black
5 36 1.0 c Black
5 37 1.0 c Black
5 38 1.0 c Black
5 39 1.0 c Black
5 40 1.0 c Black
5 41 1.0 c Black
6 7 1.0 c Black
6 8 1.0 c Black
6 9 1.0 c Black
6 10 1.0 c Black
6 11 1.0 c Black
6 12 1.0 c Black
6 13 1.0 c Black
6 14 1.0 c Black
6 15 1.0 c Black
6 16 1.0 c Black
6 17 1.0 c Black
6 18 1.0 c Black
6 19 1.0 c Black
6 20 1.0 c Black
6 21 1.0 c Black
6 22 1.0 c Black
6 23 1.0 c Black
6 24 1.0 c Black
6 25 1.0 c Black
6 26 1.0 c Black
6 27 1.0 c Black
6 28 1.0 c Black
6 29 1.0 c Black
6 30 1.0 c Black
6 31 1.0 c Black
6 32 1.0 c Black
6 33 1.0 c Black
6 34 1.0 c Black
6 35 1.0 c Black
6 36 1.0 c Black
6 37 1.0 c Black
6 38 1.0 c Black
6 39 1.0 c Black
6 40 1.0 c Black
6 41 1.0 c Black
7 8 1.0 c Black
7 9 1.0 c Black
7 10 1.0 c Black
7 11 1.0 c Black
7 12 1.0 c Black
7 13 1.0 c Black
7 14 1.0 c Black
7 15 1.0 c Black
7 16 1.0 c Black
7 17 1.0 c Black
7 18 1.0 c Black
7 19 1.0 c Black
7 20 1.0 c Black
7 21 1.0 c Black
7 22 1.0 c Black
7 23 1.0 c Black
7 24 1.0 c Black
7 25 1.0 c Black
7 26 1.0 c Black
7 27 1.0 c Black
7 28 1.0 c Black
7 29 1.0 c Black
7 30 1.0 c Black
7 31 1.0 c Black
7 32 1.0 c Black
7 33 1.0 c Black
7 34 1.0 c Black
7 35 1.0 c Black
7 36 1.0 c Black
7 37 1.0 c Black
7 38 1.0 c Black
7 39 1.0 c Black
7 40 1.0 c Black
7 41 1.0 c Black
8 9 1.0 c Black
8 10 1.0 c Black
8 11 1.0 c Black
8 12 1.0 c Black
8 13 1.0 c Black
8 14 1.0 c Black
8 15 1.0 c Black
8 16 1.0 c Black
8 17 1.0 c Black
8 18 1.0 c Black
8 19 1.0 c Black
8 20 1.0 c Black
8 21 1.0 c Black
8 22 1.0 c Black
8 23 1.0 c Black
8 24 1.0 c Black
8 25 1.0 c Black
8 26 1.0 c Black
8 27 1.0 c Black
8 28 1.0 c Black
8 29 1.0 c Black
8 30 1.0 c Black
8 31 1.0 c Black
8 32 1.0 c Black
8 33 1.0 c Black
8 34 1.0 c Black
8 35 1.0 c Black
8 36 1.0 c Black
8 37 1.0 c Black
8 38 1.0 c Black
8 39 1.0 c Black
8 40 1.0 c Black
8 41 1.0 c Black
9 10 1.0 c Black
9 11 1.0 c Black
9 12 1.0 c Black
9 13 1.0 c Black
9 14 1.0 c Black
9 15 1.0 c Black
9 16 1.0 c Black
9 17 1.0 c Black
9 18 1.0 c Black
9 19 1.0 c Black
9 20 1.0 c Black
9 21 1.0 c Black
9 22 1.0 c Black
9 23 1.0 c Black
9 24 1.0 c Black
9 25 1.0 c Black
9 26 1.0 c Black
9 27 1.0 c Black
9 28 1.0 c Black
9 29 1.0 c Black
9 30 1.0 c Black
9 31 1.0 c Black
9 32 1.0 c Black
9 33 1.0 c Black
9 34 1.0 c Black
9 35 1.0 c Black
9 36 1.0 c Black
9 37 1.0 c Black
9 38 1.0 c Black
9 39 1.0 c Black
9 40 1.0 c Black
9 41 1.0 c Black
10 11 1.0 c Black
10 12 1.0 c Black
10 13 1.0 c Black
10 14 1.0 c Black
10 15 1.0 c Black
10 16 1.0 c Black
10 17 1.0 c Black
10 18 1.0 c Black
10 19 1.0 c Black
10 20 1.0 c Black
10 21 1.0 c Black
10 22 1.0 c Black
10 23 1.0 c Black
10 24 1.0 c Black
10 25 1.0 c Black
10 26 1.0 c Black
10 27 1.0 c Black
10 28 1.0 c Black
10 29 1.0 c Black
10 30 1.0 c Black
10 31 1.0 c Black
10 32 1.0 c Black
10 33 1.0 c Black
10 34 1.0 c Black
10 35 1.0 c Black
10 36 1.0 c Black
10 37 1.0 c Black
10 38 1.0 c Black
10 39 1.0 c Black
10 40 1.0 c Black
10 41 1.0 c Black
11 12 1.0 c Black
11 13 1.0 c Black
11 14 1.0 c Black
11 15 1.0 c Black
11 16 1.0 c Black
11 17 1.0 c Black
11 18 1.0 c Black
11 19 1.0 c Black
11 20 1.0 c Black
11 21 1.0 c Black
11 22 1.0 c Black
11 23 1.0 c Black
11 24 1.0 c Black
11 25 1.0 c Black
11 26 1.0 c Black
11 27 1.0 c Black
11 28 1.0 c Black
11 29 1.0 c Black
11 30 1.0 c Black
11 31 1.0 c Black
11 32 1.0 c Black
11 33 1.0 c Black
11 34 1.0 c Black
11 35 1.0 c Black
11 36 1.0 c Black
11 37 1.0 c Black
11 38 1.0 c Black
11 39 1.0 c Black
11 40 1.0 c Black
11 41 1.0 c Black
12 13 1.0 c Black
12 14 1.0 c Black
12 15 1.0 c Black
12 16 1.0 c Black
12 17 1.0 c Black
12 18 1.0 c Black
12 19 1.0 c Black
12 20 1.0 c Black
12 21 1.0 c Black
12 22 1.0 c Black
12 23 1.0 c Black
12 24 1.0 c Black
12 25 1.0 c Black
12 26 1.0 c Black
12 27 1.0 c Black
12 28 1.0 c Black
12 29 1.0 c Black
12 30 1.0 c Black
12 31 1.0 c Black
12 32 1.0 c Black
12 33 1.0 c Black
12 34 1.0 c Black
12 35 1.0 c Black
12 36 1.0 c Black
12 37 1.0 c Black
12 38 1.0 c Black
12 39 1.0 c Black
12 40 1.0 c Black
12 41 1.0 c Black
13 14 1.0 c Black
13 15 1.0 c Black
13 16 1.0 c Black
13 17 1.0 c Black
13 18 1.0 c Black
13 19 1.0 c Black
13 20 1.0 c Black
13 21 1.0 c Black
13 22 1.0 c Black
13 23 1.0 c Black
13 24 1.0 c Black
13 25 1.0 c Black
13 26 1.0 c Black
13 27 1.0 c Black
13 28 1.0 c Black
13 29 1.0 c Black
13 30 1.0 c Black
13 31 1.0 c Black
13 32 1.0 c Black
13 33 1.0 c Black
13 34 1.0 c Black
13 35 1.0 c Black
13 36 1.0 c Black
13 37 1.0 c Black
13 38 1.0 c Black
13 39 1.0 c Black
13 40 1.0 c Black
13 41 1.0 c Black
14 15 1.0 c Black
14 16 1.0 c Black
14 17 1.0 c Black
14 18 1.0 c Black
14 19 1.0 c Black
14 20 1.0 c Black
14 21 1.0 c Black
14 22 1.0 c Black
14 23 1.0 c Black
14 24 1.0 c Black
14 25 1.0 c Black
14 26 1.0 c Black
14 27 1.0 c Black
14 28 1.0 c Black
14 29 1.0 c Black
14 30 1.0 c Black
14 31 1.0 c Black
14 32 1.0 c Black
14 33 1.0 c Black
14 34 1.0 c Black
14 35 1.0 c Black
14 36 1.0 c Black
14 37 1.0 c Black
14 38 1.0 c Black
14 39 1.0 c Black
14 40 1.0 c Black
14 41 1.0 c Black
15 16 1.0 c Black
15 17 1.0 c Black
15 18 1.0 c Black
15 19 1.0 c Black
15 20 1.0 c Black
15 21 1.0 c Black
15 22 1.0 c Black
15 23 1.0 c Black
15 24 1.0 c Black
15 25 1.0 c Black
15 26 1.0 c Black
15 27 1.0 c Black
15 28 1.0 c Black
15 29 1.0 c Black
15 30 1.0 c Black
15 31 1.0 c Black
15 32 1.0 c Black
15 33 1.0 c Black
15 34 1.0 c Black
15 35 1.0 c Black
15 36 1.0 c Black
15 37 1.0 c Black
15 38 1.0 c Black
15 39 1.0 c Black
15 40 1.0 c Black
15 41 1.0 c Black
16 17 1.0 c Black
16 18 1.0 c Black
16 19 1.0 c Black
16 20 1.0 c Black
16 21 1.0 c Black
16 22 1.0 c Black
16 23 1.0 c Black
16 24 1.0 c Black
16 25 1.0 c Black
16 26 1.0 c Black
16 27 1.0 c Black
16 28 1.0 c Black
16 29 1.0 c Black
16 30 1.0 c Black
16 31 1.0 c Black
16 32 1.0 c Black
16 33 1.0 c Black
16 34 1.0 c Black
16 35 1.0 c Black
16 36 1.0 c Black
16 37 1.0 c Black
16 38 1.0 c Black
16 39 1.0 c Black
16 40 1.0 c Black
16 41 1.0 c Black
17 18 1.0 c Black
17 19 1.0 c Black
17 20 1.0 c Black
17 21 1.0 c Black
17 22 1.0 c Black
17 23 1.0 c Black
17 24 1.0 c Black
17 25 1.0 c Black
17 26 1.0 c Black
17 27 1.0 c Black
17 28 1.0 c Black
17 29 1.0 c Black
17 30 1.0 c Black
17 31 1.0 c Black
17 32 1.0 c Black
17 33 1.0 c Black
17 34 1.0 c Black
17 35 1.0 c Black
17 36 1.0 c Black
17 37 1.0 c Black
17 38 1.0 c Black
17 39 1.0 c Black
17 40 1.0 c Black
17 41 1.0 c Black
18 19 1.0 c Black
18 20 1.0 c Black
18 21 1.0 c Black
18 22 1.0 c Black
18 23 1.0 c Black
18 24 1.0 c Black
18 25 1.0 c Black
18 26 1.0 c Black
18 27 1.0 c Black
18 28 1.0 c Black
18 29 1.0 c Black
18 30 1.0 c Black
18 31 1.0 c Black
18 32 1.0 c Black
18 33 1.0 c Black
18 34 1.0 c Black
18 35 1.0 c Black
18 36 1.0 c Black
18 37 1.0 c Black
18 38 1.0 c Black
18 39 1.0 c Black
18 40 1.0 c Black
18 41 1.0 c Black
19 20 1.0 c Black
19 21 1.0 c Black
19 22 1.0 c Black
19 23 1.0 c Black
19 24 1.0 c Black
19 25 1.0 c Black
19 26 1.0 c Black
19 27 1.0 c Black
19 28 1.0 c Black
19 29 1.0 c Black
19 30 1.0 c Black
19 31 1.0 c Black
19 32 1.0 c Black
19 33 1.0 c Black
19 34 1.0 c Black
19 35 1.0 c Black
19 36 1.0 c Black
19 37 1.0 c Black
19 38 1.0 c Black
19 39 1.0 c Black
19 40 1.0 c Black
19 41 1.0 c Black
20 21 1.0 c Black
20 22 1.0 c Black
20 23 1.0 c Black
20 24 1.0 c Black
20 25 1.0 c Black
20 26 1.0 c Black
20 27 1.0 c Black
20 28 1.0 c Black
20 29 1.0 c Black
20 30 1.0 c Black
20 31 1.0 c Black
20 32 1.0 c Black
20 33 1.0 c Black
20 34 1.0 c Black
20 35 1.0 c Black
20 36 1.0 c Black
20 37 1.0 c Black
20 38 1.0 c Black
20 39 1.0 c Black
20 40 1.0 c Black
20 41 1.0 c Black
21 22 1.0 c Black
21 23 1.0 c Black
21 24 1.0 c Black
21 25 1.0 c Black
21 26 1.0 c Black
21 27 1.0 c Black
21 28 1.0 c Black
21 29 1.0 c Black
21 30 1.0 c Black
21 31 1.0 c Black
21 32 1.0 c Black
21 33 1.0 c Black
21 34 1.0 c Black
21 35 1.0 c Black
21 36 1.0 c Black
21 37 1.0 c Black
21 38 1.0 c Black
21 39 1.0 c Black
21 40 1.0 c Black
21 41 1.0 c Black
22 23 1.0 c Black
22 24 1.0 c Black
22 25 1.0 c Black
22 26 1.0 c Black
22 27 1.0 c Black
22 28 1.0 c Black
22 29 1.0 c Black
22 30 1.0 c Black
22 31 1.0 c Black
22 32 1.0 c Black
22 33 1.0 c Black
22 34 1.0 c Black
22 35 1.0 c Black
22 36 1.0 c Black
22 37 1.0 c Black
22 38 1.0 c Black
22 39 1.0 c Black
22 40 1.0 c Black
22 41 1.0 c Black
23 24 1.0 c Black
23 25 1.0 c Black
23 26 1.0 c Black
23 27 1.0 c Black
23 28 1.0 c Black
23 29 1.0 c Black
23 30 1.0 c Black
23 31 1.0 c Black
23 32 1.0 c Black
23 33 1.0 c Black
23 34 1.0 c Black
23 35 1.0 c Black
23 36 1.0 c Black
23 37 1.0 c Black
23 38 1.0 c Black
23 39 1.0 c Black
23 40 1.0 c Black
23 41 1.0 c Black
24 25 1.0 c Black
24 26 1.0 c Black
24 27 1.0 c Black
24 28 1.0 c Black
24 29 1.0 c Black
24 30 1.0 c Black
24 31 1.0 c Black
24 32 1.0 c Black
24 33 1.0 c Black
24 34 1.0 c Black
24 35 1.0 c Black
24 36 1.0 c Black
24 37 1.0 c Black
24 38 1.0 c Black
24 39 1.0 c Black
24 40 1.0 c Black
24 41 1.0 c Black
25 26 1.0 c Black
25 27 1.0 c Black
25 28 1.0 c Black
25 29 1.0 c Black
25 30 1.0 c Black
25 31 1.0 c Black
25 32 1.0 c Black
25 33 1.0 c Black
25 34 1.0 c Black
25 35 1.0 c Black
25 36 1.0 c Black
25 37 1.0 c Black
25 38 1.0 c Black
25 39 1.0 c Black
25 40 1.0 c Black
25 41 1.0 c Black
26 27 1.0 c Black
26 28 1.0 c Black
26 29 1.0 c Black
26 30 1.0 c Black
26 31 1.0 c Black
26 32 1.0 c Black
26 33 1.0 c Black
26 34 1.0 c Black
26 35 1.0 c Black
26 36 1.0 c Black
26 37 1.0 c Black
26 38 1.0 c Black
26 39 1.0 c Black
26 40 1.0 c Black
26 41 1.0 c Black
27 28 1.0 c Black
27 29 1.0 c Black
27 30 1.0 c Black
27 31 1.0 c Black
27 32 1.0 c Black
27 33 1.0 c Black
27 34 1.0 c Black
27 35 1.0 c Black
27 36 1.0 c Black
27 37 1.0 c Black
27 38 1.0 c Black
27 39 1.0 c Black
27 40 1.0 c Black
27 41 1.0 c Black
28 29 1.0 c Black
28 30 1.0 c Black
28 31 1.0 c Black
28 32 1.0 c Black
28 33 1.0 c Black
28 34 1.0 c Black
28 35 1.0 c Black
28 36 1.0 c Black
28 37 1.0 c Black
28 38 1.0 c Black
28 39 1.0 c Black
28 40 1.0 c Black
28 41 1.0 c Black
29 30 1.0 c Black
29 31 1.0 c Black
29 32 1.0 c Black
29 33 1.0 c Black
29 34 1.0 c Black
29 35 1.0 c Black
29 36 1.0 c Black
29 37 1.0 c Black
29 38 1.0 c Black
29 39 1.0 c Black
29 40 1.0 c Black
29 41 1.0 c Black
30 31 1.0 c Black
30 32 1.0 c Black
30 33 1.0 c Black
30 34 1.0 c Black
30 35 1.0 c Black
30 36 1.0 c Black
30 37 1.0 c Black
30 38 1.0 c Black
30 39 1.0 c Black
30 40 1.0 c Black
30 41 1.0 c Black
31 32 1.0 c Black
31 33 1.0 c Black
31 34 1.0 c Black
31 35 1.0 c Black
31 36 1.0 c Black
31 37 1.0 c Black
31 38 1.0 c Black
31 39 1.0 c Black
31 40 1.0 c Black
31 41 1.0 c Black
32 33 1.0 c Black
32 34 1.0 c Black
32 35 1.0 c Black
32 36 1.0 c Black
32 37 1.0 c Black
32 38 1.0 c Black
32 39 1.0 c Black
32 40 1.0 c Black
32 41 1.0 c Black
33 34 1.0 c Black
33 35 1.0 c Black
33 36 1.0 c Black
33 37 1.0 c Black
33 38 1.0 c Black
33 39 1.0 c Black
33 40 1.0 c Black
33 41 1.0 c Black
34 35 1.0 c Black
34 36 1.0 c Black
34 37 1.0 c Black
34 38 1.0 c Black
34 39 1.0 c Black
34 40 1.0 c Black
34 41 1.0 c Black
35 36 1.0 c Black
35 37 1.0 c Black
35 38 1.0 c Black
35 39 1.0 c Black
35 40 1.0 c Black
35 41 1.0 c Black
36 37 1.0 c Black
36 38 1.0 c Black
36 39 1.0 c Black
36 40 1.0 c Black
36 41 1.0 c Black
37 38 1.0 c Black
37 39 1.0 c Black
37 40 1.0 c Black
37 41 1.0 c Black
38 39 1.0 c Black
38 40 1.0 c Black
38 41 1.0 c Black
39 40 1.0 c Black
39 41 1.0 c Black
39 45 1.0 c Black
39 46 1.0 c Black
39 47 1.0 c Black
39 48 1.0 c Black
39 49 1.0 c Black
39 50 1.0 c Black
39 51 1.0 c Black
39 52 1.0 c Black
40 41 1.0 c Black
40 45 1.0 c Black
40 46 1.0 c Black
40 47 1.0 c Black
40 48 1.0 c Black
40 49 1.0 c Black
40 50 1.0 c Black
40 51 1.0 c Black
40 52 1.0 c Black
41 45 1.0 c Black
41 46 1.0 c Black
41 47 1.0 c Black
41 48 1.0 c Black
41 49 1.0 c Black
41 50 1.0 c Black
41 51 1.0 c Black
41 52 1.0 c Black
42 43 1.0 c Black
42 44 1.0 c Black
43 44 1.0 c Black
45 46 1.0 c Black
45 47 1.0 c Black
45 48 1.0 c Black
45 49 1.0 c Black
45 50 1.0 c Black
45 51 1.0 c Black
45 52 1.0 c Black
46 47 1.0 c Black
46 48 1.0 c Black
46 49 1.0 c Black
46 50 1.0 c Black
46 51 1.0 c Black
46 52 1.0 c Black
47 48 1.0 c Black
47 49 1.0 c Black
47 50 1.0 c Black
47 51 1.0 c Black
47 52 1.0 c Black
48 49 1.0 c Black
48 50 1.0 c Black
48 51 1.0 c Black
48 52 1.0 c Black
49 50 1.0 c Black
49 51 1.0 c Black
49 52 1.0 c Black
50 51 1.0 c Black
50 52 1.0 c Black
51 52 1.0 c Black
53 54 1.0 c Black
53 55 1.0 c Black
54 55 1.0 c Black
56 57 1.0 c Black
56 58 1.0 c Black
56 59 1.0 c Black
57 58 1.0 c Black
57 59 1.0 c Black
58 59 1.0 c Black
60 61 1.0 c Black
60 62 1.0 c Black
60 74 1.0 c Black
60 75 1.0 c Black
61 62 1.0 c Black
67 68 1.0 c Black
67 69 1.0 c Black
67 70 1.0 c Black
67 71 1.0 c Black
67 74 1.0 c Black
67 75 1.0 c Black
