*Vertices 12
1  "0" ic Jin Yi fos 10
2  "1" ic Jin Hong fos 10
3  "2" ic Ravi fos 10
4  "3" ic Zac fos 10
5  "4" ic Mahmoud fos 10
6  "5" ic Yap Ying fos 10
7  "6" ic Samuel fos 10
8  "7" ic Denise fos 10
9  "8" ic Nabilah fos 10
10  "9" ic Ming Hui fos 10
11  "10" ic Tiffany fos 10
12  "11" ic Ariana fos 10
*Edges 58
1 2 1 c Black
1 3 1 c Black
1 4 1 c Black
1 5 1 c Black
1 6 1 c Black
1 7 1 c Black
1 8 1 c Black
1 9 1 c Black
1 10 1 c Black
1 11 1 c Black
1 12 1 c Black
2 3 1 c Black
2 4 1 c Black
2 5 1 c Black
2 6 1 c Black
2 7 1 c Black
2 8 1 c Black
2 9 1 c Black
2 10 1 c Black
2 11 1 c Black
2 12 1 c Black
3 4 1 c Black
3 5 1 c Black
3 6 1 c Black
3 7 1 c Black
3 8 1 c Black
3 9 1 c Black
3 10 1 c Black
3 11 1 c Black
3 12 1 c Black
4 5 1 c Black
4 6 1 c Black
4 7 1 c Black
4 8 1 c Black
4 9 1 c Black
4 10 1 c Black
4 11 1 c Black
5 6 1 c Black
5 7 1 c Black
5 8 1 c Black
5 9 1 c Black
5 10 1 c Black
5 11 1 c Black
6 7 1 c Black
6 8 1 c Black
6 9 1 c Black
6 10 1 c Black
6 11 1 c Black
7 8 1 c Black
7 9 1 c Black
7 10 1 c Black
7 11 1 c Black
8 9 1 c Black
8 10 1 c Black
8 11 1 c Black
9 10 1 c Black
9 11 1 c Black
10 11 1 c Black
